<?xml version="1.0" encoding="UTF-8"?>
<coverage generated="1752947897561" clover="3.2.0">
  <project timestamp="1752947897562" name="All files">
    <metrics statements="18" coveredstatements="15" conditionals="2" coveredconditionals="2" methods="8" coveredmethods="5" elements="28" coveredelements="22" complexity="0" loc="18" ncloc="18" packages="2" files="7" classes="7"/>
    <package name="components">
      <metrics statements="10" coveredstatements="10" conditionals="2" coveredconditionals="2" methods="5" coveredmethods="5"/>
      <file name="Contact.js" path="/media/sohom/New Volume/ReactJs_Course/ReactJS_Learning/11_NR_Mock_Web/src/components/Contact.js">
        <metrics statements="2" coveredstatements="2" conditionals="0" coveredconditionals="0" methods="1" coveredmethods="1"/>
        <line num="1" count="1" type="stmt"/>
        <line num="2" count="3" type="stmt"/>
      </file>
      <file name="Header.js" path="/media/sohom/New Volume/ReactJs_Course/ReactJS_Learning/11_NR_Mock_Web/src/components/Header.js">
        <metrics statements="6" coveredstatements="6" conditionals="2" coveredconditionals="2" methods="3" coveredmethods="3"/>
        <line num="6" count="1" type="stmt"/>
        <line num="7" count="4" type="stmt"/>
        <line num="8" count="4" type="stmt"/>
        <line num="9" count="7" type="stmt"/>
        <line num="11" count="4" type="stmt"/>
        <line num="37" count="1" type="stmt"/>
      </file>
      <file name="Sum.js" path="/media/sohom/New Volume/ReactJs_Course/ReactJS_Learning/11_NR_Mock_Web/src/components/Sum.js">
        <metrics statements="2" coveredstatements="2" conditionals="0" coveredconditionals="0" methods="1" coveredmethods="1"/>
        <line num="1" count="1" type="stmt"/>
        <line num="2" count="1" type="stmt"/>
      </file>
    </package>
    <package name="utils">
      <metrics statements="8" coveredstatements="5" conditionals="0" coveredconditionals="0" methods="3" coveredmethods="0"/>
      <file name="UserContext.js" path="/media/sohom/New Volume/ReactJs_Course/ReactJS_Learning/11_NR_Mock_Web/src/utils/UserContext.js">
        <metrics statements="1" coveredstatements="1" conditionals="0" coveredconditionals="0" methods="0" coveredmethods="0"/>
        <line num="3" count="1" type="stmt"/>
      </file>
      <file name="appStore.js" path="/media/sohom/New Volume/ReactJs_Course/ReactJS_Learning/11_NR_Mock_Web/src/utils/appStore.js">
        <metrics statements="1" coveredstatements="1" conditionals="0" coveredconditionals="0" methods="0" coveredmethods="0"/>
        <line num="4" count="1" type="stmt"/>
      </file>
      <file name="cartSlice.js" path="/media/sohom/New Volume/ReactJs_Course/ReactJS_Learning/11_NR_Mock_Web/src/utils/cartSlice.js">
        <metrics statements="5" coveredstatements="2" conditionals="0" coveredconditionals="0" methods="3" coveredmethods="0"/>
        <line num="3" count="1" type="stmt"/>
        <line num="10" count="0" type="stmt"/>
        <line num="13" count="0" type="stmt"/>
        <line num="16" count="0" type="stmt"/>
        <line num="21" count="1" type="stmt"/>
      </file>
      <file name="contants.js" path="/media/sohom/New Volume/ReactJs_Course/ReactJS_Learning/11_NR_Mock_Web/src/utils/contants.js">
        <metrics statements="1" coveredstatements="1" conditionals="0" coveredconditionals="0" methods="0" coveredmethods="0"/>
        <line num="1" count="1" type="stmt"/>
      </file>
    </package>
  </project>
</coverage>
