{"/media/sohom/New Volume/ReactJs_Course/ReactJS_Learning/11_NR_Mock_Web/src/components/Card.js": {"path":"/media/sohom/New Volume/ReactJs_Course/ReactJS_Learning/11_NR_Mock_Web/src/components/Card.js","statementMap":{"0":{"start":{"line":6,"column":13},"end":{"line":136,"column":1}},"1":{"start":{"line":15,"column":6},"end":{"line":15,"column":20}},"2":{"start":{"line":16,"column":27},"end":{"line":16,"column":50}},"3":{"start":{"line":19,"column":27},"end":{"line":19,"column":45}},"4":{"start":{"line":20,"column":21},"end":{"line":20,"column":36}},"5":{"start":{"line":21,"column":19},"end":{"line":21,"column":46}},"6":{"start":{"line":22,"column":19},"end":{"line":22,"column":76}},"7":{"start":{"line":23,"column":19},"end":{"line":23,"column":61}},"8":{"start":{"line":25,"column":2},"end":{"line":135,"column":4}},"9":{"start":{"line":50,"column":16},"end":{"line":61,"column":18}},"10":{"start":{"line":65,"column":16},"end":{"line":98,"column":18}},"11":{"start":{"line":102,"column":16},"end":{"line":113,"column":18}},"12":{"start":{"line":139,"column":31},"end":{"line":150,"column":1}},"13":{"start":{"line":140,"column":2},"end":{"line":149,"column":4}},"14":{"start":{"line":141,"column":4},"end":{"line":148,"column":6}}},"fnMap":{"0":{"name":"(anonymous_0)","decl":{"start":{"line":6,"column":13},"end":{"line":6,"column":14}},"loc":{"start":{"line":6,"column":24},"end":{"line":136,"column":1}},"line":6},"1":{"name":"(anonymous_1)","decl":{"start":{"line":49,"column":49},"end":{"line":49,"column":50}},"loc":{"start":{"line":49,"column":60},"end":{"line":62,"column":15}},"line":49},"2":{"name":"(anonymous_2)","decl":{"start":{"line":64,"column":49},"end":{"line":64,"column":50}},"loc":{"start":{"line":64,"column":60},"end":{"line":99,"column":15}},"line":64},"3":{"name":"(anonymous_3)","decl":{"start":{"line":101,"column":49},"end":{"line":101,"column":50}},"loc":{"start":{"line":101,"column":60},"end":{"line":114,"column":15}},"line":101},"4":{"name":"(anonymous_4)","decl":{"start":{"line":139,"column":31},"end":{"line":139,"column":32}},"loc":{"start":{"line":139,"column":41},"end":{"line":150,"column":1}},"line":139},"5":{"name":"(anonymous_5)","decl":{"start":{"line":140,"column":9},"end":{"line":140,"column":10}},"loc":{"start":{"line":140,"column":20},"end":{"line":149,"column":3}},"line":140}},"branchMap":{"0":{"loc":{"start":{"line":22,"column":19},"end":{"line":22,"column":76}},"type":"cond-expr","locations":[{"start":{"line":22,"column":71},"end":{"line":22,"column":72}},{"start":{"line":22,"column":75},"end":{"line":22,"column":76}}],"line":22},"1":{"loc":{"start":{"line":35,"column":13},"end":{"line":37,"column":53}},"type":"cond-expr","locations":[{"start":{"line":36,"column":16},"end":{"line":36,"column":41}},{"start":{"line":37,"column":16},"end":{"line":37,"column":53}}],"line":35},"2":{"loc":{"start":{"line":41,"column":13},"end":{"line":43,"column":47}},"type":"cond-expr","locations":[{"start":{"line":42,"column":16},"end":{"line":42,"column":35}},{"start":{"line":43,"column":16},"end":{"line":43,"column":47}}],"line":41}},"s":{"0":1,"1":2,"2":2,"3":2,"4":2,"5":2,"6":2,"7":2,"8":2,"9":8,"10":0,"11":2,"12":1,"13":1,"14":1},"f":{"0":2,"1":8,"2":0,"3":2,"4":1,"5":1},"b":{"0":[0,2],"1":[2,0],"2":[2,0]},"_coverageSchema":"1a1c01bbd47fc00a2c39e90264f33305004495a9","hash":"d434162d253567cb8c6c2d622d819e98e62d7be8"}
,"/media/sohom/New Volume/ReactJs_Course/ReactJS_Learning/11_NR_Mock_Web/src/components/Contact.js": {"path":"/media/sohom/New Volume/ReactJs_Course/ReactJS_Learning/11_NR_Mock_Web/src/components/Contact.js","statementMap":{"0":{"start":{"line":1,"column":16},"end":{"line":26,"column":1}},"1":{"start":{"line":2,"column":2},"end":{"line":25,"column":4}}},"fnMap":{"0":{"name":"(anonymous_0)","decl":{"start":{"line":1,"column":16},"end":{"line":1,"column":17}},"loc":{"start":{"line":1,"column":22},"end":{"line":26,"column":1}},"line":1}},"branchMap":{},"s":{"0":1,"1":3},"f":{"0":3},"b":{},"_coverageSchema":"1a1c01bbd47fc00a2c39e90264f33305004495a9","hash":"62181c133e4b2bad9be41eef4d3fdb875d78fb65"}
,"/media/sohom/New Volume/ReactJs_Course/ReactJS_Learning/11_NR_Mock_Web/src/components/Header.js": {"path":"/media/sohom/New Volume/ReactJs_Course/ReactJS_Learning/11_NR_Mock_Web/src/components/Header.js","statementMap":{"0":{"start":{"line":6,"column":15},"end":{"line":44,"column":1}},"1":{"start":{"line":7,"column":34},"end":{"line":7,"column":49}},"2":{"start":{"line":8,"column":19},"end":{"line":8,"column":42}},"3":{"start":{"line":9,"column":20},"end":{"line":9,"column":60}},"4":{"start":{"line":9,"column":43},"end":{"line":9,"column":59}},"5":{"start":{"line":11,"column":2},"end":{"line":43,"column":4}},"6":{"start":{"line":37,"column":12},"end":{"line":37,"column":35}}},"fnMap":{"0":{"name":"(anonymous_0)","decl":{"start":{"line":6,"column":15},"end":{"line":6,"column":16}},"loc":{"start":{"line":6,"column":21},"end":{"line":44,"column":1}},"line":6},"1":{"name":"(anonymous_1)","decl":{"start":{"line":9,"column":32},"end":{"line":9,"column":33}},"loc":{"start":{"line":9,"column":43},"end":{"line":9,"column":59}},"line":9},"2":{"name":"(anonymous_2)","decl":{"start":{"line":36,"column":19},"end":{"line":36,"column":20}},"loc":{"start":{"line":36,"column":25},"end":{"line":38,"column":11}},"line":36}},"branchMap":{"0":{"loc":{"start":{"line":34,"column":17},"end":{"line":34,"column":48}},"type":"cond-expr","locations":[{"start":{"line":34,"column":28},"end":{"line":34,"column":37}},{"start":{"line":34,"column":40},"end":{"line":34,"column":48}}],"line":34}},"s":{"0":1,"1":4,"2":4,"3":4,"4":7,"5":4,"6":1},"f":{"0":4,"1":7,"2":1},"b":{"0":[1,3]},"_coverageSchema":"1a1c01bbd47fc00a2c39e90264f33305004495a9","hash":"a5a10442175c81d26cdebdeb8ac16d84e4a39260"}
,"/media/sohom/New Volume/ReactJs_Course/ReactJS_Learning/11_NR_Mock_Web/src/components/Sum.js": {"path":"/media/sohom/New Volume/ReactJs_Course/ReactJS_Learning/11_NR_Mock_Web/src/components/Sum.js","statementMap":{"0":{"start":{"line":1,"column":18},"end":{"line":3,"column":1}},"1":{"start":{"line":2,"column":4},"end":{"line":2,"column":17}}},"fnMap":{"0":{"name":"(anonymous_0)","decl":{"start":{"line":1,"column":18},"end":{"line":1,"column":19}},"loc":{"start":{"line":1,"column":25},"end":{"line":3,"column":1}},"line":1}},"branchMap":{},"s":{"0":1,"1":1},"f":{"0":1},"b":{},"_coverageSchema":"1a1c01bbd47fc00a2c39e90264f33305004495a9","hash":"75eecbcc67d445bea2f670ca727756751d2f60a7"}
,"/media/sohom/New Volume/ReactJs_Course/ReactJS_Learning/11_NR_Mock_Web/src/utils/UserContext.js": {"path":"/media/sohom/New Volume/ReactJs_Course/ReactJS_Learning/11_NR_Mock_Web/src/utils/UserContext.js","statementMap":{"0":{"start":{"line":3,"column":20},"end":{"line":3,"column":67}}},"fnMap":{},"branchMap":{},"s":{"0":2},"f":{},"b":{},"_coverageSchema":"1a1c01bbd47fc00a2c39e90264f33305004495a9","hash":"b14b3e3128eeabfca9888e6965063acc197abdbd"}
,"/media/sohom/New Volume/ReactJs_Course/ReactJS_Learning/11_NR_Mock_Web/src/utils/appStore.js": {"path":"/media/sohom/New Volume/ReactJs_Course/ReactJS_Learning/11_NR_Mock_Web/src/utils/appStore.js","statementMap":{"0":{"start":{"line":4,"column":17},"end":{"line":8,"column":2}}},"fnMap":{},"branchMap":{},"s":{"0":1},"f":{},"b":{},"_coverageSchema":"1a1c01bbd47fc00a2c39e90264f33305004495a9","hash":"f37ea11e63bc6f301545f3d24dff797883aa3fb6"}
,"/media/sohom/New Volume/ReactJs_Course/ReactJS_Learning/11_NR_Mock_Web/src/utils/cartSlice.js": {"path":"/media/sohom/New Volume/ReactJs_Course/ReactJS_Learning/11_NR_Mock_Web/src/utils/cartSlice.js","statementMap":{"0":{"start":{"line":3,"column":18},"end":{"line":19,"column":2}},"1":{"start":{"line":10,"column":6},"end":{"line":10,"column":39}},"2":{"start":{"line":13,"column":6},"end":{"line":13,"column":24}},"3":{"start":{"line":16,"column":6},"end":{"line":16,"column":29}},"4":{"start":{"line":21,"column":50},"end":{"line":21,"column":67}}},"fnMap":{"0":{"name":"(anonymous_0)","decl":{"start":{"line":9,"column":13},"end":{"line":9,"column":14}},"loc":{"start":{"line":9,"column":32},"end":{"line":11,"column":5}},"line":9},"1":{"name":"(anonymous_1)","decl":{"start":{"line":12,"column":16},"end":{"line":12,"column":17}},"loc":{"start":{"line":12,"column":35},"end":{"line":14,"column":5}},"line":12},"2":{"name":"(anonymous_2)","decl":{"start":{"line":15,"column":15},"end":{"line":15,"column":16}},"loc":{"start":{"line":15,"column":34},"end":{"line":17,"column":5}},"line":15}},"branchMap":{},"s":{"0":1,"1":0,"2":0,"3":0,"4":1},"f":{"0":0,"1":0,"2":0},"b":{},"_coverageSchema":"1a1c01bbd47fc00a2c39e90264f33305004495a9","hash":"21c5fdc4a8397ce92bbd2b1a2f4671263133ca88"}
,"/media/sohom/New Volume/ReactJs_Course/ReactJS_Learning/11_NR_Mock_Web/src/utils/contants.js": {"path":"/media/sohom/New Volume/ReactJs_Course/ReactJS_Learning/11_NR_Mock_Web/src/utils/contants.js","statementMap":{"0":{"start":{"line":1,"column":15},"end":{"line":7,"column":1}}},"fnMap":{},"branchMap":{},"s":{"0":2},"f":{},"b":{},"_coverageSchema":"1a1c01bbd47fc00a2c39e90264f33305004495a9","hash":"5284c21851ba3abc3c507d279d31321bf15e549c"}
}
