{"/media/sohom/New Volume/ReactJs_Course/ReactJS_Learning/11_NR_Mock_Web/src/components/Contact.js": {"path":"/media/sohom/New Volume/ReactJs_Course/ReactJS_Learning/11_NR_Mock_Web/src/components/Contact.js","statementMap":{"0":{"start":{"line":1,"column":16},"end":{"line":26,"column":1}},"1":{"start":{"line":2,"column":2},"end":{"line":25,"column":4}}},"fnMap":{"0":{"name":"(anonymous_0)","decl":{"start":{"line":1,"column":16},"end":{"line":1,"column":17}},"loc":{"start":{"line":1,"column":22},"end":{"line":26,"column":1}},"line":1}},"branchMap":{},"s":{"0":1,"1":3},"f":{"0":3},"b":{},"_coverageSchema":"1a1c01bbd47fc00a2c39e90264f33305004495a9","hash":"62181c133e4b2bad9be41eef4d3fdb875d78fb65"}
,"/media/sohom/New Volume/ReactJs_Course/ReactJS_Learning/11_NR_Mock_Web/src/components/Header.js": {"path":"/media/sohom/New Volume/ReactJs_Course/ReactJS_Learning/11_NR_Mock_Web/src/components/Header.js","statementMap":{"0":{"start":{"line":6,"column":15},"end":{"line":44,"column":1}},"1":{"start":{"line":7,"column":34},"end":{"line":7,"column":49}},"2":{"start":{"line":8,"column":19},"end":{"line":8,"column":42}},"3":{"start":{"line":9,"column":20},"end":{"line":9,"column":60}},"4":{"start":{"line":9,"column":43},"end":{"line":9,"column":59}},"5":{"start":{"line":11,"column":2},"end":{"line":43,"column":4}},"6":{"start":{"line":37,"column":12},"end":{"line":37,"column":35}}},"fnMap":{"0":{"name":"(anonymous_0)","decl":{"start":{"line":6,"column":15},"end":{"line":6,"column":16}},"loc":{"start":{"line":6,"column":21},"end":{"line":44,"column":1}},"line":6},"1":{"name":"(anonymous_1)","decl":{"start":{"line":9,"column":32},"end":{"line":9,"column":33}},"loc":{"start":{"line":9,"column":43},"end":{"line":9,"column":59}},"line":9},"2":{"name":"(anonymous_2)","decl":{"start":{"line":36,"column":19},"end":{"line":36,"column":20}},"loc":{"start":{"line":36,"column":25},"end":{"line":38,"column":11}},"line":36}},"branchMap":{"0":{"loc":{"start":{"line":34,"column":17},"end":{"line":34,"column":48}},"type":"cond-expr","locations":[{"start":{"line":34,"column":28},"end":{"line":34,"column":37}},{"start":{"line":34,"column":40},"end":{"line":34,"column":48}}],"line":34}},"s":{"0":1,"1":4,"2":4,"3":4,"4":7,"5":4,"6":1},"f":{"0":4,"1":7,"2":1},"b":{"0":[1,3]},"_coverageSchema":"1a1c01bbd47fc00a2c39e90264f33305004495a9","hash":"a5a10442175c81d26cdebdeb8ac16d84e4a39260"}
,"/media/sohom/New Volume/ReactJs_Course/ReactJS_Learning/11_NR_Mock_Web/src/components/Sum.js": {"path":"/media/sohom/New Volume/ReactJs_Course/ReactJS_Learning/11_NR_Mock_Web/src/components/Sum.js","statementMap":{"0":{"start":{"line":1,"column":18},"end":{"line":3,"column":1}},"1":{"start":{"line":2,"column":4},"end":{"line":2,"column":17}}},"fnMap":{"0":{"name":"(anonymous_0)","decl":{"start":{"line":1,"column":18},"end":{"line":1,"column":19}},"loc":{"start":{"line":1,"column":25},"end":{"line":3,"column":1}},"line":1}},"branchMap":{},"s":{"0":1,"1":1},"f":{"0":1},"b":{},"_coverageSchema":"1a1c01bbd47fc00a2c39e90264f33305004495a9","hash":"75eecbcc67d445bea2f670ca727756751d2f60a7"}
,"/media/sohom/New Volume/ReactJs_Course/ReactJS_Learning/11_NR_Mock_Web/src/utils/UserContext.js": {"path":"/media/sohom/New Volume/ReactJs_Course/ReactJS_Learning/11_NR_Mock_Web/src/utils/UserContext.js","statementMap":{"0":{"start":{"line":3,"column":20},"end":{"line":3,"column":67}}},"fnMap":{},"branchMap":{},"s":{"0":1},"f":{},"b":{},"_coverageSchema":"1a1c01bbd47fc00a2c39e90264f33305004495a9","hash":"b14b3e3128eeabfca9888e6965063acc197abdbd"}
,"/media/sohom/New Volume/ReactJs_Course/ReactJS_Learning/11_NR_Mock_Web/src/utils/appStore.js": {"path":"/media/sohom/New Volume/ReactJs_Course/ReactJS_Learning/11_NR_Mock_Web/src/utils/appStore.js","statementMap":{"0":{"start":{"line":4,"column":17},"end":{"line":8,"column":2}}},"fnMap":{},"branchMap":{},"s":{"0":1},"f":{},"b":{},"_coverageSchema":"1a1c01bbd47fc00a2c39e90264f33305004495a9","hash":"f37ea11e63bc6f301545f3d24dff797883aa3fb6"}
,"/media/sohom/New Volume/ReactJs_Course/ReactJS_Learning/11_NR_Mock_Web/src/utils/cartSlice.js": {"path":"/media/sohom/New Volume/ReactJs_Course/ReactJS_Learning/11_NR_Mock_Web/src/utils/cartSlice.js","statementMap":{"0":{"start":{"line":3,"column":18},"end":{"line":19,"column":2}},"1":{"start":{"line":10,"column":6},"end":{"line":10,"column":39}},"2":{"start":{"line":13,"column":6},"end":{"line":13,"column":24}},"3":{"start":{"line":16,"column":6},"end":{"line":16,"column":29}},"4":{"start":{"line":21,"column":50},"end":{"line":21,"column":67}}},"fnMap":{"0":{"name":"(anonymous_0)","decl":{"start":{"line":9,"column":13},"end":{"line":9,"column":14}},"loc":{"start":{"line":9,"column":32},"end":{"line":11,"column":5}},"line":9},"1":{"name":"(anonymous_1)","decl":{"start":{"line":12,"column":16},"end":{"line":12,"column":17}},"loc":{"start":{"line":12,"column":35},"end":{"line":14,"column":5}},"line":12},"2":{"name":"(anonymous_2)","decl":{"start":{"line":15,"column":15},"end":{"line":15,"column":16}},"loc":{"start":{"line":15,"column":34},"end":{"line":17,"column":5}},"line":15}},"branchMap":{},"s":{"0":1,"1":0,"2":0,"3":0,"4":1},"f":{"0":0,"1":0,"2":0},"b":{},"_coverageSchema":"1a1c01bbd47fc00a2c39e90264f33305004495a9","hash":"21c5fdc4a8397ce92bbd2b1a2f4671263133ca88"}
,"/media/sohom/New Volume/ReactJs_Course/ReactJS_Learning/11_NR_Mock_Web/src/utils/contants.js": {"path":"/media/sohom/New Volume/ReactJs_Course/ReactJS_Learning/11_NR_Mock_Web/src/utils/contants.js","statementMap":{"0":{"start":{"line":1,"column":15},"end":{"line":7,"column":1}}},"fnMap":{},"branchMap":{},"s":{"0":1},"f":{},"b":{},"_coverageSchema":"1a1c01bbd47fc00a2c39e90264f33305004495a9","hash":"5284c21851ba3abc3c507d279d31321bf15e549c"}
}
