TN:
SF:src/components/Body.js
FN:8,(anonymous_0)
FN:15,(anonymous_1)
FN:20,(anonymous_2)
FN:42,(anonymous_3)
FN:65,(anonymous_4)
FN:71,(anonymous_5)
FNF:6
FNH:5
FNDA:13,(anonymous_0)
FNDA:5,(anonymous_1)
FNDA:5,(anonymous_2)
FNDA:5,(anonymous_3)
FNDA:0,(anonymous_4)
FNDA:47,(anonymous_5)
DA:8,2
DA:9,13
DA:10,13
DA:11,13
DA:12,13
DA:13,13
DA:15,13
DA:17,5
DA:20,13
DA:22,5
DA:23,5
DA:26,5
DA:28,5
DA:30,5
DA:31,5
DA:34,0
DA:38,13
DA:42,13
DA:45,13
DA:46,0
DA:48,13
DA:66,0
DA:72,47
LF:23
LH:20
BRDA:45,0,0,0
BRDA:45,0,1,13
BRDA:50,1,0,5
BRDA:50,1,1,8
BRDA:50,2,0,13
BRDA:50,2,1,8
BRDA:72,3,0,0
BRDA:72,3,1,47
BRF:8
BRH:6
end_of_record
TN:
SF:src/components/Card.js
FN:6,(anonymous_0)
FN:49,(anonymous_1)
FN:64,(anonymous_2)
FN:101,(anonymous_3)
FN:139,(anonymous_4)
FN:140,(anonymous_5)
FNF:6
FNH:6
FNDA:49,(anonymous_0)
FNDA:196,(anonymous_1)
FNDA:14,(anonymous_2)
FNDA:35,(anonymous_3)
FNDA:14,(anonymous_4)
FNDA:48,(anonymous_5)
DA:6,3
DA:15,49
DA:16,49
DA:19,49
DA:20,49
DA:21,49
DA:22,49
DA:23,49
DA:25,49
DA:50,196
DA:65,14
DA:102,35
DA:139,3
DA:140,14
DA:141,48
LF:15
LH:15
BRDA:22,0,0,14
BRDA:22,0,1,35
BRDA:35,1,0,28
BRDA:35,1,1,21
BRDA:41,2,0,29
BRDA:41,2,1,20
BRF:6
BRH:6
end_of_record
TN:
SF:src/components/Cart.js
FN:6,Cart
FN:7,(anonymous_1)
FN:9,(anonymous_2)
FN:26,(anonymous_3)
FNF:4
FNH:4
FNDA:3,Cart
FNDA:6,(anonymous_1)
FNDA:1,(anonymous_2)
FNDA:1,(anonymous_3)
DA:7,6
DA:8,3
DA:9,3
DA:10,1
DA:12,3
DA:27,1
LF:6
LH:6
BRDA:22,0,0,2
BRDA:22,0,1,1
BRF:2
BRH:2
end_of_record
TN:
SF:src/components/Contact.js
FN:1,(anonymous_0)
FNF:1
FNH:1
FNDA:3,(anonymous_0)
DA:1,1
DA:2,3
LF:2
LH:2
BRF:0
BRH:0
end_of_record
TN:
SF:src/components/FilterBox.js
FN:1,(anonymous_0)
FN:11,(anonymous_1)
FN:13,(anonymous_2)
FNF:3
FNH:3
FNDA:8,(anonymous_0)
FNDA:1,(anonymous_1)
FNDA:7,(anonymous_2)
DA:1,2
DA:7,8
DA:12,1
DA:13,7
DA:15,1
LF:5
LH:5
BRF:0
BRH:0
end_of_record
TN:
SF:src/components/Header.js
FN:6,(anonymous_0)
FN:9,(anonymous_1)
FN:36,(anonymous_2)
FNF:3
FNH:3
FNDA:7,(anonymous_0)
FNDA:13,(anonymous_1)
FNDA:1,(anonymous_2)
DA:6,2
DA:7,7
DA:8,7
DA:9,13
DA:11,7
DA:37,1
LF:6
LH:6
BRDA:34,0,0,1
BRDA:34,0,1,6
BRF:2
BRH:2
end_of_record
TN:
SF:src/components/ItemListResMenuCat.js
FN:5,ItemListResMenuCat
FN:7,(anonymous_1)
FNF:2
FNH:2
FNDA:21,ItemListResMenuCat
FNDA:1,(anonymous_1)
DA:6,21
DA:7,21
DA:9,1
DA:10,1
DA:12,21
LF:5
LH:5
BRF:0
BRH:0
end_of_record
TN:
SF:src/components/Popup.js
FN:3,(anonymous_0)
FNF:1
FNH:1
FNDA:8,(anonymous_0)
DA:3,2
DA:4,8
LF:2
LH:2
BRDA:7,0,0,0
BRDA:7,0,1,8
BRDA:8,1,0,0
BRDA:8,1,1,8
BRF:4
BRH:2
end_of_record
TN:
SF:src/components/RestaurantCategoryAccordion.js
FN:4,RestaurantCategoryAccordion
FN:5,(anonymous_1)
FN:21,(anonymous_2)
FNF:3
FNH:3
FNDA:12,RestaurantCategoryAccordion
FNDA:1,(anonymous_1)
FNDA:20,(anonymous_2)
DA:5,12
DA:6,1
DA:8,12
DA:22,20
LF:4
LH:4
BRDA:20,0,0,1
BRDA:20,0,1,11
BRF:2
BRH:2
end_of_record
TN:
SF:src/components/ResturantMenu.js
FN:7,(anonymous_0)
FN:10,(anonymous_1)
FN:23,(anonymous_2)
FN:35,(anonymous_3)
FN:36,(anonymous_4)
FN:43,(anonymous_5)
FN:49,(anonymous_6)
FNF:7
FNH:7
FNDA:3,(anonymous_0)
FNDA:3,(anonymous_1)
FNDA:20,(anonymous_2)
FNDA:1,(anonymous_3)
FNDA:1,(anonymous_4)
FNDA:12,(anonymous_5)
FNDA:1,(anonymous_6)
DA:7,1
DA:8,3
DA:9,3
DA:10,3
DA:11,3
DA:12,3
DA:22,3
DA:24,20
DA:31,3
DA:32,1
DA:35,2
DA:36,1
DA:38,2
DA:44,12
DA:50,1
LF:15
LH:15
BRDA:31,0,0,1
BRDA:31,0,1,2
BRDA:36,1,0,0
BRDA:36,1,1,1
BRDA:48,2,0,1
BRDA:48,2,1,11
BRF:6
BRH:5
end_of_record
TN:
SF:src/components/SearchBox.js
FN:5,(anonymous_0)
FN:22,(anonymous_1)
FN:25,(anonymous_2)
FN:59,(anonymous_3)
FN:61,(anonymous_4)
FN:81,(anonymous_5)
FNF:6
FNH:5
FNDA:8,(anonymous_0)
FNDA:1,(anonymous_1)
FNDA:7,(anonymous_2)
FNDA:1,(anonymous_3)
FNDA:7,(anonymous_4)
FNDA:0,(anonymous_5)
DA:5,2
DA:12,8
DA:13,8
DA:14,8
DA:15,8
DA:23,1
DA:24,1
DA:25,1
DA:26,7
DA:29,7
DA:30,7
DA:33,7
DA:35,1
DA:36,0
DA:38,1
DA:41,0
DA:42,0
DA:60,1
DA:61,1
DA:62,7
DA:65,7
DA:66,7
DA:69,7
DA:71,1
DA:72,0
DA:74,1
DA:77,0
DA:78,0
DA:81,0
DA:82,0
DA:83,0
LF:31
LH:22
BRDA:33,0,0,7
BRDA:33,0,1,0
BRDA:35,1,0,0
BRDA:35,1,1,1
BRDA:69,2,0,7
BRDA:69,2,1,6
BRDA:71,3,0,0
BRDA:71,3,1,1
BRF:8
BRH:5
end_of_record
TN:
SF:src/components/Shimmer.js
FN:1,(anonymous_0)
FN:6,(anonymous_1)
FNF:2
FNH:1
FNDA:6,(anonymous_0)
FNDA:0,(anonymous_1)
DA:1,3
DA:2,6
DA:3,6
DA:4,6
DA:7,0
LF:5
LH:4
BRF:0
BRH:0
end_of_record
TN:
SF:src/components/Sum.js
FN:1,(anonymous_0)
FNF:1
FNH:1
FNDA:1,(anonymous_0)
DA:1,1
DA:2,1
LF:2
LH:2
BRF:0
BRH:0
end_of_record
TN:
SF:src/utils/UserContext.js
FNF:0
FNH:0
DA:3,5
LF:1
LH:1
BRF:0
BRH:0
end_of_record
TN:
SF:src/utils/appStore.js
FNF:0
FNH:0
DA:4,2
LF:1
LH:1
BRF:0
BRH:0
end_of_record
TN:
SF:src/utils/cartSlice.js
FN:9,(anonymous_0)
FN:12,(anonymous_1)
FN:15,(anonymous_2)
FNF:3
FNH:2
FNDA:1,(anonymous_0)
FNDA:0,(anonymous_1)
FNDA:1,(anonymous_2)
DA:3,2
DA:10,1
DA:13,0
DA:16,1
DA:21,2
LF:5
LH:4
BRF:0
BRH:0
end_of_record
TN:
SF:src/utils/contants.js
FNF:0
FNH:0
DA:1,5
LF:1
LH:1
BRF:0
BRH:0
end_of_record
TN:
SF:src/utils/useOnlineStatus.js
FN:3,(anonymous_0)
FN:6,(anonymous_1)
FN:7,(anonymous_2)
FNF:3
FNH:2
FNDA:13,(anonymous_0)
FNDA:13,(anonymous_1)
FNDA:0,(anonymous_2)
DA:3,2
DA:4,13
DA:6,13
DA:7,13
DA:8,0
DA:11,13
DA:12,13
DA:15,13
LF:8
LH:7
BRF:0
BRH:0
end_of_record
TN:
SF:src/utils/useRestaurantMenu.js
FN:3,(anonymous_0)
FN:5,(anonymous_1)
FN:8,(anonymous_2)
FNF:3
FNH:3
FNDA:3,(anonymous_0)
FNDA:1,(anonymous_1)
FNDA:1,(anonymous_2)
DA:3,1
DA:4,3
DA:5,3
DA:6,1
DA:8,3
DA:9,1
DA:10,1
DA:13,1
DA:14,1
DA:16,0
DA:20,3
LF:11
LH:10
BRF:0
BRH:0
end_of_record
